---
work_in_progress: true
log_classification: T84
log_title: EXPLAIN plan for slow query
log_category: statements
collector_key: STATEMENT_AUTO_EXPLAIN
tooltip: EXPLAIN output for query execution plan based on auto_explain settings
urgency: low
sqlstate: n/a
---

**Example Postgres Log Output:**

```
LOG: duration: 1681.452 ms  plan:
  Query Text: UPDATE pgbench_branches SET bbalance = bbalance + 2656 WHERE bid = 59;
  Update on public.pgbench_branches  (cost=0.27..8.29 rows=1 width=370) (actual rows=0 loops=1)
    Buffers: shared hit=7
    ->  Index Scan using pgbench_branches_pkey on public.pgbench_branches  (cost=0.27..8.29 rows=1 width=370) (actual rows=1 loops=1)
          Output: bid, (bbalance + 2656), filler, ctid
          Index Cond: (pgbench_branches.bid = 59)
```

**Explanation:**

...

**Recommended Action:**

...

**Learn More:**

No additional resources available.
